<?xml version="1.0" encoding="UTF-8"?>
<!-- Generated by org.testng.reporters.JUnitXMLReporter -->
<testsuite hostname="AMAFVFG65B8Q05P" ignored="0" tests="4" failures="0" timestamp="2022-06-24T10:49:05 CEST" time="124.664" errors="0">
  <testcase name="verifySkipOnboardingScreen" time="2.438" classname="OnboardingSwipe"/>
  <testcase name="verifySwipeOnboardingScreen" time="16.143" classname="OnboardingSwipe"/>
  <testcase name="VerifyProfileSelectionTab" time="26.08" classname="Login"/>
  <testcase name="verifySkipOnboardingScreen" time="31.882" classname="OnboardingPINScreen"/>
</testsuite>
